# JRE version: OpenJDK Runtime Environment Corretto-17.0.14.7.1 (17.0.14+7) (build 17.0.14+7-LTS)
# Java VM: OpenJDK 64-Bit Server VM Corretto-17.0.14.7.1 (17.0.14+7-LTS, mixed mode, emulated-client, sharing, tiered, compressed oops, compressed class ptrs, g1 gc, windows-amd64)
GC Precious Log:
 CPUs: 4 total, 4 available
 Memory: 4095M
 Large Page Support: Disabled
 NUMA Support: Disabled
 Compressed Oops: Enabled (32-bit)
 Heap Region Size: 1M
 Heap Min Capacity: 8M
 Heap Initial Capacity: 64M
 Heap Max Capacity: 1G
 Pre-touch: Disabled
 Parallel Workers: 4
 Concurrent Workers: 1
 Concurrent Refinement Workers: 4
 Periodic GC: Disabled
Heap:
 garbage-first heap   total 297984K, used 143113K [0x00000000c0000000, 0x0000000100000000)
  region size 1024K, 9 young (9216K), 9 survivors (9216K)
 Metaspace       used 36782K, committed 37248K, reserved 1114112K
  class space    used 5203K, committed 5440K, reserved 1048576K
GC Heap History (20 events):
Event: 12.271 GC heap after
{Heap after GC invocations=17 (full 0):
 garbage-first heap   total 99328K, used 28867K [0x00000000c0000000, 0x0000000100000000)
  region size 1024K, 1 young (1024K), 1 survivors (1024K)
 Metaspace       used 36785K, committed 37248K, reserved 1114112K
  class space    used 5203K, committed 5440K, reserved 1048576K
}
Event: 12.301 GC heap before
{Heap before GC invocations=17 (full 0):
 garbage-first heap   total 99328K, used 79043K [0x00000000c0000000, 0x0000000100000000)
  region size 1024K, 50 young (51200K), 1 survivors (1024K)
 Metaspace       used 36785K, committed 37248K, reserved 1114112K
  class space    used 5203K, committed 5440K, reserved 1048576K
}
Event: 12.304 GC heap after
{Heap after GC invocations=18 (full 0):
 garbage-first heap   total 99328K, used 39265K [0x00000000c0000000, 0x0000000100000000)
  region size 1024K, 7 young (7168K), 7 survivors (7168K)
 Metaspace       used 36785K, committed 37248K, reserved 1114112K
  class space    used 5203K, committed 5440K, reserved 1048576K
}
Event: 12.332 GC heap before
{Heap before GC invocations=18 (full 0):
 garbage-first heap   total 99328K, used 74081K [0x00000000c0000000, 0x0000000100000000)
  region size 1024K, 41 young (41984K), 7 survivors (7168K)
 Metaspace       used 36785K, committed 37248K, reserved 1114112K
  class space    used 5203K, committed 5440K, reserved 1048576K
}
Event: 12.336 GC heap after
{Heap after GC invocations=19 (full 0):
 garbage-first heap   total 99328K, used 46949K [0x00000000c0000000, 0x0000000100000000)
  region size 1024K, 6 young (6144K), 6 survivors (6144K)
 Metaspace       used 36785K, committed 37248K, reserved 1114112K
  class space    used 5203K, committed 5440K, reserved 1048576K
}
Event: 12.369 GC heap before
{Heap before GC invocations=20 (full 0):
 garbage-first heap   total 99328K, used 75621K [0x00000000c0000000, 0x0000000100000000)
  region size 1024K, 33 young (33792K), 6 survivors (6144K)
 Metaspace       used 36778K, committed 37248K, reserved 1114112K
  class space    used 5202K, committed 5440K, reserved 1048576K
}
Event: 12.372 GC heap after
{Heap after GC invocations=21 (full 0):
 garbage-first heap   total 99328K, used 54117K [0x00000000c0000000, 0x0000000100000000)
  region size 1024K, 5 young (5120K), 5 survivors (5120K)
 Metaspace       used 36778K, committed 37248K, reserved 1114112K
  class space    used 5202K, committed 5440K, reserved 1048576K
}
Event: 12.375 GC heap before
{Heap before GC invocations=21 (full 0):
 garbage-first heap   total 99328K, used 56165K [0x00000000c0000000, 0x0000000100000000)
  region size 1024K, 7 young (7168K), 5 survivors (5120K)
 Metaspace       used 36778K, committed 37248K, reserved 1114112K
  class space    used 5202K, committed 5440K, reserved 1048576K
}
Event: 12.377 GC heap after
{Heap after GC invocations=22 (full 0):
 garbage-first heap   total 99328K, used 55125K [0x00000000c0000000, 0x0000000100000000)
  region size 1024K, 1 young (1024K), 1 survivors (1024K)
 Metaspace       used 36778K, committed 37248K, reserved 1114112K
  class space    used 5202K, committed 5440K, reserved 1048576K
}
Event: 12.390 GC heap before
{Heap before GC invocations=22 (full 0):
 garbage-first heap   total 99328K, used 76629K [0x00000000c0000000, 0x0000000100000000)
  region size 1024K, 22 young (22528K), 1 survivors (1024K)
 Metaspace       used 36778K, committed 37248K, reserved 1114112K
  class space    used 5202K, committed 5440K, reserved 1048576K
}
Event: 12.393 GC heap after
{Heap after GC invocations=23 (full 0):
 garbage-first heap   total 297984K, used 59657K [0x00000000c0000000, 0x0000000100000000)
  region size 1024K, 3 young (3072K), 3 survivors (3072K)
 Metaspace       used 36778K, committed 37248K, reserved 1114112K
  class space    used 5202K, committed 5440K, reserved 1048576K
}
Event: 12.937 GC heap before
{Heap before GC invocations=24 (full 0):
 garbage-first heap   total 245760K, used 208137K [0x00000000c0000000, 0x0000000100000000)
  region size 1024K, 145 young (148480K), 3 survivors (3072K)
 Metaspace       used 36780K, committed 37248K, reserved 1114112K
  class space    used 5203K, committed 5440K, reserved 1048576K
}
Event: 13.002 GC heap after
{Heap after GC invocations=25 (full 0):
 garbage-first heap   total 245760K, used 93269K [0x00000000c0000000, 0x0000000100000000)
  region size 1024K, 19 young (19456K), 19 survivors (19456K)
 Metaspace       used 36780K, committed 37248K, reserved 1114112K
  class space    used 5203K, committed 5440K, reserved 1048576K
}
Event: 13.021 GC heap before
{Heap before GC invocations=25 (full 0):
 garbage-first heap   total 245760K, used 95317K [0x00000000c0000000, 0x0000000100000000)
  region size 1024K, 21 young (21504K), 19 survivors (19456K)
 Metaspace       used 36780K, committed 37248K, reserved 1114112K
  class space    used 5203K, committed 5440K, reserved 1048576K
}
Event: 13.068 GC heap after
{Heap after GC invocations=26 (full 0):
 garbage-first heap   total 245760K, used 94985K [0x00000000c0000000, 0x0000000100000000)
  region size 1024K, 2 young (2048K), 2 survivors (2048K)
 Metaspace       used 36780K, committed 37248K, reserved 1114112K
  class space    used 5203K, committed 5440K, reserved 1048576K
}
Event: 13.128 GC heap before
{Heap before GC invocations=26 (full 0):
 garbage-first heap   total 245760K, used 175881K [0x00000000c0000000, 0x0000000100000000)
  region size 1024K, 78 young (79872K), 2 survivors (2048K)
 Metaspace       used 36782K, committed 37248K, reserved 1114112K
  class space    used 5203K, committed 5440K, reserved 1048576K
}
Event: 13.141 GC heap after
{Heap after GC invocations=27 (full 0):
 garbage-first heap   total 245760K, used 114441K [0x00000000c0000000, 0x0000000100000000)
  region size 1024K, 10 young (10240K), 10 survivors (10240K)
 Metaspace       used 36782K, committed 37248K, reserved 1114112K
  class space    used 5203K, committed 5440K, reserved 1048576K
}
Event: 13.189 GC heap before
{Heap before GC invocations=27 (full 0):
 garbage-first heap   total 245760K, used 182025K [0x00000000c0000000, 0x0000000100000000)
  region size 1024K, 76 young (77824K), 10 survivors (10240K)
 Metaspace       used 36782K, committed 37248K, reserved 1114112K
  class space    used 5203K, committed 5440K, reserved 1048576K
}
Event: 13.207 GC heap after
{Heap after GC invocations=28 (full 0):
 garbage-first heap   total 245760K, used 129289K [0x00000000c0000000, 0x0000000100000000)
  region size 1024K, 10 young (10240K), 10 survivors (10240K)
 Metaspace       used 36782K, committed 37248K, reserved 1114112K
  class space    used 5203K, committed 5440K, reserved 1048576K
}
Event: 13.244 GC heap before
{Heap before GC invocations=28 (full 0):
 garbage-first heap   total 245760K, used 189705K [0x00000000c0000000, 0x0000000100000000)
  region size 1024K, 69 young (70656K), 10 survivors (10240K)
 Metaspace       used 36782K, committed 37248K, reserved 1114112K
  class space    used 5203K, committed 5440K, reserved 1048576K
}

