# JRE version: OpenJDK Runtime Environment Corretto-17.0.14.7.1 (17.0.14+7) (build 17.0.14+7-LTS)
# Java VM: OpenJDK 64-Bit Server VM Corretto-17.0.14.7.1 (17.0.14+7-LTS, mixed mode, emulated-client, sharing, tiered, compressed oops, compressed class ptrs, g1 gc, windows-amd64)
GC Precious Log:
 CPUs: 4 total, 4 available
 Memory: 4095M
 Large Page Support: Disabled
 NUMA Support: Disabled
 Compressed Oops: Enabled (32-bit)
 Heap Region Size: 1M
 Heap Min Capacity: 8M
 Heap Initial Capacity: 64M
 Heap Max Capacity: 1G
 Pre-touch: Disabled
 Parallel Workers: 4
 Concurrent Workers: 1
 Concurrent Refinement Workers: 4
 Periodic GC: Disabled
Heap:
 garbage-first heap   total 60416K, used 17580K [0x00000000c0000000, 0x0000000100000000)
  region size 1024K, 3 young (3072K), 3 survivors (3072K)
 Metaspace       used 24633K, committed 24896K, reserved 1114112K
  class space    used 3073K, committed 3200K, reserved 1048576K
GC Heap History (17 events):
Event: 0.736 GC heap before
{Heap before GC invocations=0 (full 0):
 garbage-first heap   total 65536K, used 12288K [0x00000000c0000000, 0x0000000100000000)
  region size 1024K, 13 young (13312K), 0 survivors (0K)
 Metaspace       used 5552K, committed 5760K, reserved 1114112K
  class space    used 577K, committed 704K, reserved 1048576K
}
Event: 0.741 GC heap after
{Heap after GC invocations=1 (full 0):
 garbage-first heap   total 65536K, used 4711K [0x00000000c0000000, 0x0000000100000000)
  region size 1024K, 2 young (2048K), 2 survivors (2048K)
 Metaspace       used 5552K, committed 5760K, reserved 1114112K
  class space    used 577K, committed 704K, reserved 1048576K
}
Event: 1.037 GC heap before
{Heap before GC invocations=1 (full 0):
 garbage-first heap   total 65536K, used 15975K [0x00000000c0000000, 0x0000000100000000)
  region size 1024K, 14 young (14336K), 2 survivors (2048K)
 Metaspace       used 9280K, committed 9408K, reserved 1114112K
  class space    used 967K, committed 1024K, reserved 1048576K
}
Event: 1.043 GC heap after
{Heap after GC invocations=2 (full 0):
 garbage-first heap   total 65536K, used 10044K [0x00000000c0000000, 0x0000000100000000)
  region size 1024K, 2 young (2048K), 2 survivors (2048K)
 Metaspace       used 9280K, committed 9408K, reserved 1114112K
  class space    used 967K, committed 1024K, reserved 1048576K
}
Event: 1.633 GC heap before
{Heap before GC invocations=2 (full 0):
 garbage-first heap   total 65536K, used 29500K [0x00000000c0000000, 0x0000000100000000)
  region size 1024K, 21 young (21504K), 2 survivors (2048K)
 Metaspace       used 13002K, committed 13120K, reserved 1114112K
  class space    used 1426K, committed 1472K, reserved 1048576K
}
Event: 1.641 GC heap after
{Heap after GC invocations=3 (full 0):
 garbage-first heap   total 65536K, used 14736K [0x00000000c0000000, 0x0000000100000000)
  region size 1024K, 3 young (3072K), 3 survivors (3072K)
 Metaspace       used 13002K, committed 13120K, reserved 1114112K
  class space    used 1426K, committed 1472K, reserved 1048576K
}
Event: 2.012 GC heap before
{Heap before GC invocations=3 (full 0):
 garbage-first heap   total 65536K, used 32144K [0x00000000c0000000, 0x0000000100000000)
  region size 1024K, 21 young (21504K), 3 survivors (3072K)
 Metaspace       used 16561K, committed 16832K, reserved 1114112K
  class space    used 1903K, committed 2048K, reserved 1048576K
}
Event: 2.016 GC heap after
{Heap after GC invocations=4 (full 0):
 garbage-first heap   total 65536K, used 16030K [0x00000000c0000000, 0x0000000100000000)
  region size 1024K, 2 young (2048K), 2 survivors (2048K)
 Metaspace       used 16561K, committed 16832K, reserved 1114112K
  class space    used 1903K, committed 2048K, reserved 1048576K
}
Event: 2.194 GC heap before
{Heap before GC invocations=4 (full 0):
 garbage-first heap   total 65536K, used 35486K [0x00000000c0000000, 0x0000000100000000)
  region size 1024K, 22 young (22528K), 2 survivors (2048K)
 Metaspace       used 20414K, committed 20608K, reserved 1114112K
  class space    used 2445K, committed 2560K, reserved 1048576K
}
Event: 2.195 GC heap after
{Heap after GC invocations=5 (full 0):
 garbage-first heap   total 65536K, used 16623K [0x00000000c0000000, 0x0000000100000000)
  region size 1024K, 2 young (2048K), 2 survivors (2048K)
 Metaspace       used 20414K, committed 20608K, reserved 1114112K
  class space    used 2445K, committed 2560K, reserved 1048576K
}
Event: 2.281 GC heap before
{Heap before GC invocations=5 (full 0):
 garbage-first heap   total 65536K, used 21743K [0x00000000c0000000, 0x0000000100000000)
  region size 1024K, 8 young (8192K), 2 survivors (2048K)
 Metaspace       used 21302K, committed 21504K, reserved 1114112K
  class space    used 2580K, committed 2688K, reserved 1048576K
}
Event: 2.283 GC heap after
{Heap after GC invocations=6 (full 0):
 garbage-first heap   total 65536K, used 16714K [0x00000000c0000000, 0x0000000100000000)
  region size 1024K, 2 young (2048K), 2 survivors (2048K)
 Metaspace       used 21302K, committed 21504K, reserved 1114112K
  class space    used 2580K, committed 2688K, reserved 1048576K
}
Event: 2.735 GC heap before
{Heap before GC invocations=7 (full 0):
 garbage-first heap   total 58368K, used 46900K [0x00000000c0000000, 0x0000000100000000)
  region size 1024K, 32 young (32768K), 2 survivors (2048K)
 Metaspace       used 23125K, committed 23424K, reserved 1114112K
  class space    used 2861K, committed 3008K, reserved 1048576K
}
Event: 2.741 GC heap after
{Heap after GC invocations=8 (full 0):
 garbage-first heap   total 58368K, used 17750K [0x00000000c0000000, 0x0000000100000000)
  region size 1024K, 4 young (4096K), 4 survivors (4096K)
 Metaspace       used 23125K, committed 23424K, reserved 1114112K
  class space    used 2861K, committed 3008K, reserved 1048576K
}
Event: 2.761 GC heap before
{Heap before GC invocations=8 (full 0):
 garbage-first heap   total 58368K, used 17750K [0x00000000c0000000, 0x0000000100000000)
  region size 1024K, 5 young (5120K), 4 survivors (4096K)
 Metaspace       used 23178K, committed 23488K, reserved 1114112K
  class space    used 2869K, committed 3008K, reserved 1048576K
}
Event: 2.765 GC heap after
{Heap after GC invocations=9 (full 0):
 garbage-first heap   total 58368K, used 16325K [0x00000000c0000000, 0x0000000100000000)
  region size 1024K, 1 young (1024K), 1 survivors (1024K)
 Metaspace       used 23178K, committed 23488K, reserved 1114112K
  class space    used 2869K, committed 3008K, reserved 1048576K
}
Event: 3.125 GC heap before
{Heap before GC invocations=9 (full 0):
 garbage-first heap   total 58368K, used 40901K [0x00000000c0000000, 0x0000000100000000)
  region size 1024K, 25 young (25600K), 1 survivors (1024K)
 Metaspace       used 24633K, committed 24896K, reserved 1114112K
  class space    used 3073K, committed 3200K, reserved 1048576K
}

