# JRE version: OpenJDK Runtime Environment Corretto-17.0.14.7.1 (17.0.14+7) (build 17.0.14+7-LTS)
# Java VM: OpenJDK 64-Bit Server VM Corretto-17.0.14.7.1 (17.0.14+7-LTS, mixed mode, emulated-client, sharing, tiered, compressed oops, compressed class ptrs, g1 gc, windows-amd64)
GC Precious Log:
 CPUs: 4 total, 4 available
 Memory: 4095M
 Large Page Support: Disabled
 NUMA Support: Disabled
 Compressed Oops: Enabled (32-bit)
 Heap Region Size: 1M
 Heap Min Capacity: 8M
 Heap Initial Capacity: 64M
 Heap Max Capacity: 1G
 Pre-touch: Disabled
 Parallel Workers: 4
 Concurrent Workers: 1
 Concurrent Refinement Workers: 4
 Periodic GC: Disabled
Heap:
 garbage-first heap   total 55296K, used 23138K [0x00000000c0000000, 0x0000000100000000)
  region size 1024K, 3 young (3072K), 3 survivors (3072K)
 Metaspace       used 34217K, committed 34560K, reserved 1114112K
  class space    used 4471K, committed 4608K, reserved 1048576K
GC Heap History (20 events):
Event: 0.890 GC heap after
{Heap after GC invocations=2 (full 0):
 garbage-first heap   total 65536K, used 10126K [0x00000000c0000000, 0x0000000100000000)
  region size 1024K, 2 young (2048K), 2 survivors (2048K)
 Metaspace       used 8877K, committed 9088K, reserved 1114112K
  class space    used 938K, committed 1024K, reserved 1048576K
}
Event: 1.277 GC heap before
{Heap before GC invocations=2 (full 0):
 garbage-first heap   total 65536K, used 28558K [0x00000000c0000000, 0x0000000100000000)
  region size 1024K, 21 young (21504K), 2 survivors (2048K)
 Metaspace       used 13001K, committed 13184K, reserved 1114112K
  class space    used 1455K, committed 1536K, reserved 1048576K
}
Event: 1.284 GC heap after
{Heap after GC invocations=3 (full 0):
 garbage-first heap   total 65536K, used 12612K [0x00000000c0000000, 0x0000000100000000)
  region size 1024K, 3 young (3072K), 3 survivors (3072K)
 Metaspace       used 13001K, committed 13184K, reserved 1114112K
  class space    used 1455K, committed 1536K, reserved 1048576K
}
Event: 1.643 GC heap before
{Heap before GC invocations=3 (full 0):
 garbage-first heap   total 65536K, used 36164K [0x00000000c0000000, 0x0000000100000000)
  region size 1024K, 27 young (27648K), 3 survivors (3072K)
 Metaspace       used 17865K, committed 18112K, reserved 1114112K
  class space    used 2078K, committed 2176K, reserved 1048576K
}
Event: 1.648 GC heap after
{Heap after GC invocations=4 (full 0):
 garbage-first heap   total 65536K, used 14295K [0x00000000c0000000, 0x0000000100000000)
  region size 1024K, 2 young (2048K), 2 survivors (2048K)
 Metaspace       used 17865K, committed 18112K, reserved 1114112K
  class space    used 2078K, committed 2176K, reserved 1048576K
}
Event: 1.892 GC heap before
{Heap before GC invocations=4 (full 0):
 garbage-first heap   total 65536K, used 30679K [0x00000000c0000000, 0x0000000100000000)
  region size 1024K, 20 young (20480K), 2 survivors (2048K)
 Metaspace       used 21264K, committed 21504K, reserved 1114112K
  class space    used 2573K, committed 2688K, reserved 1048576K
}
Event: 1.894 GC heap after
{Heap after GC invocations=5 (full 0):
 garbage-first heap   total 78848K, used 14725K [0x00000000c0000000, 0x0000000100000000)
  region size 1024K, 2 young (2048K), 2 survivors (2048K)
 Metaspace       used 21264K, committed 21504K, reserved 1114112K
  class space    used 2573K, committed 2688K, reserved 1048576K
}
Event: 2.381 GC heap before
{Heap before GC invocations=6 (full 0):
 garbage-first heap   total 55296K, used 44421K [0x00000000c0000000, 0x0000000100000000)
  region size 1024K, 33 young (33792K), 2 survivors (2048K)
 Metaspace       used 23628K, committed 23936K, reserved 1114112K
  class space    used 2940K, committed 3072K, reserved 1048576K
}
Event: 2.385 GC heap after
{Heap after GC invocations=7 (full 0):
 garbage-first heap   total 55296K, used 16080K [0x00000000c0000000, 0x0000000100000000)
  region size 1024K, 4 young (4096K), 4 survivors (4096K)
 Metaspace       used 23628K, committed 23936K, reserved 1114112K
  class space    used 2940K, committed 3072K, reserved 1048576K
}
Event: 2.395 GC heap before
{Heap before GC invocations=7 (full 0):
 garbage-first heap   total 55296K, used 17104K [0x00000000c0000000, 0x0000000100000000)
  region size 1024K, 5 young (5120K), 4 survivors (4096K)
 Metaspace       used 23646K, committed 23936K, reserved 1114112K
  class space    used 2945K, committed 3072K, reserved 1048576K
}
Event: 2.399 GC heap after
{Heap after GC invocations=8 (full 0):
 garbage-first heap   total 55296K, used 16293K [0x00000000c0000000, 0x0000000100000000)
  region size 1024K, 1 young (1024K), 1 survivors (1024K)
 Metaspace       used 23646K, committed 23936K, reserved 1114112K
  class space    used 2945K, committed 3072K, reserved 1048576K
}
Event: 2.732 GC heap before
{Heap before GC invocations=8 (full 0):
 garbage-first heap   total 55296K, used 38821K [0x00000000c0000000, 0x0000000100000000)
  region size 1024K, 23 young (23552K), 1 survivors (1024K)
 Metaspace       used 25077K, committed 25408K, reserved 1114112K
  class space    used 3149K, committed 3328K, reserved 1048576K
}
Event: 2.735 GC heap after
{Heap after GC invocations=9 (full 0):
 garbage-first heap   total 55296K, used 17598K [0x00000000c0000000, 0x0000000100000000)
  region size 1024K, 2 young (2048K), 2 survivors (2048K)
 Metaspace       used 25077K, committed 25408K, reserved 1114112K
  class space    used 3149K, committed 3328K, reserved 1048576K
}
Event: 3.040 GC heap before
{Heap before GC invocations=9 (full 0):
 garbage-first heap   total 55296K, used 40126K [0x00000000c0000000, 0x0000000100000000)
  region size 1024K, 24 young (24576K), 2 survivors (2048K)
 Metaspace       used 26741K, committed 27072K, reserved 1114112K
  class space    used 3419K, committed 3584K, reserved 1048576K
}
Event: 3.044 GC heap after
{Heap after GC invocations=10 (full 0):
 garbage-first heap   total 55296K, used 18983K [0x00000000c0000000, 0x0000000100000000)
  region size 1024K, 2 young (2048K), 2 survivors (2048K)
 Metaspace       used 26741K, committed 27072K, reserved 1114112K
  class space    used 3419K, committed 3584K, reserved 1048576K
}
Event: 3.413 GC heap before
{Heap before GC invocations=10 (full 0):
 garbage-first heap   total 55296K, used 41511K [0x00000000c0000000, 0x0000000100000000)
  region size 1024K, 24 young (24576K), 2 survivors (2048K)
 Metaspace       used 29658K, committed 30080K, reserved 1114112K
  class space    used 3887K, committed 4096K, reserved 1048576K
}
Event: 3.418 GC heap after
{Heap after GC invocations=11 (full 0):
 garbage-first heap   total 55296K, used 20607K [0x00000000c0000000, 0x0000000100000000)
  region size 1024K, 3 young (3072K), 3 survivors (3072K)
 Metaspace       used 29658K, committed 30080K, reserved 1114112K
  class space    used 3887K, committed 4096K, reserved 1048576K
}
Event: 3.729 GC heap before
{Heap before GC invocations=11 (full 0):
 garbage-first heap   total 55296K, used 41087K [0x00000000c0000000, 0x0000000100000000)
  region size 1024K, 23 young (23552K), 3 survivors (3072K)
 Metaspace       used 32176K, committed 32512K, reserved 1114112K
  class space    used 4167K, committed 4352K, reserved 1048576K
}
Event: 3.736 GC heap after
{Heap after GC invocations=12 (full 0):
 garbage-first heap   total 55296K, used 21884K [0x00000000c0000000, 0x0000000100000000)
  region size 1024K, 2 young (2048K), 2 survivors (2048K)
 Metaspace       used 32176K, committed 32512K, reserved 1114112K
  class space    used 4167K, committed 4352K, reserved 1048576K
}
Event: 4.222 GC heap before
{Heap before GC invocations=12 (full 0):
 garbage-first heap   total 55296K, used 41340K [0x00000000c0000000, 0x0000000100000000)
  region size 1024K, 21 young (21504K), 2 survivors (2048K)
 Metaspace       used 34217K, committed 34560K, reserved 1114112K
  class space    used 4471K, committed 4608K, reserved 1048576K
}

