# JRE version: OpenJDK Runtime Environment Corretto-17.0.14.7.1 (17.0.14+7) (build 17.0.14+7-LTS)
# Java VM: OpenJDK 64-Bit Server VM Corretto-17.0.14.7.1 (17.0.14+7-LTS, mixed mode, sharing, tiered, compressed oops, compressed class ptrs, g1 gc, windows-amd64)
GC Precious Log:
 CPUs: 4 total, 4 available
 Memory: 4095M
 Large Page Support: Disabled
 NUMA Support: Disabled
 Compressed Oops: Enabled (32-bit)
 Heap Region Size: 1M
 Heap Min Capacity: 256M
 Heap Initial Capacity: 256M
 Heap Max Capacity: 512M
 Pre-touch: Disabled
 Parallel Workers: 4
 Concurrent Workers: 1
 Concurrent Refinement Workers: 4
 Periodic GC: Disabled
Heap:
 garbage-first heap   total 443392K, used 111479K [0x00000000e0000000, 0x0000000100000000)
  region size 1024K, 5 young (5120K), 5 survivors (5120K)
 Metaspace       used 87784K, committed 90496K, reserved 344064K
  class space    used 10849K, committed 12288K, reserved 212992K
GC Heap History (20 events):
Event: 24602.849 GC heap after
{Heap after GC invocations=258 (full 0):
 garbage-first heap   total 409600K, used 106826K [0x00000000e0000000, 0x0000000100000000)
  region size 1024K, 3 young (3072K), 3 survivors (3072K)
 Metaspace       used 87567K, committed 90496K, reserved 344064K
  class space    used 10823K, committed 12288K, reserved 212992K
}
Event: 24603.937 GC heap before
{Heap before GC invocations=258 (full 0):
 garbage-first heap   total 409600K, used 206154K [0x00000000e0000000, 0x0000000100000000)
  region size 1024K, 101 young (103424K), 3 survivors (3072K)
 Metaspace       used 87569K, committed 90496K, reserved 344064K
  class space    used 10823K, committed 12288K, reserved 212992K
}
Event: 24603.969 GC heap after
{Heap after GC invocations=259 (full 0):
 garbage-first heap   total 409600K, used 122462K [0x00000000e0000000, 0x0000000100000000)
  region size 1024K, 18 young (18432K), 18 survivors (18432K)
 Metaspace       used 87569K, committed 90496K, reserved 344064K
  class space    used 10823K, committed 12288K, reserved 212992K
}
Event: 26501.898 GC heap before
{Heap before GC invocations=260 (full 0):
 garbage-first heap   total 409600K, used 265822K [0x00000000e0000000, 0x0000000100000000)
  region size 1024K, 173 young (177152K), 18 survivors (18432K)
 Metaspace       used 87502K, committed 90496K, reserved 344064K
  class space    used 10804K, committed 12288K, reserved 212992K
}
Event: 26502.168 GC heap after
{Heap after GC invocations=261 (full 0):
 garbage-first heap   total 409600K, used 118168K [0x00000000e0000000, 0x0000000100000000)
  region size 1024K, 14 young (14336K), 14 survivors (14336K)
 Metaspace       used 87502K, committed 90496K, reserved 344064K
  class space    used 10804K, committed 12288K, reserved 212992K
}
Event: 26804.711 GC heap before
{Heap before GC invocations=261 (full 0):
 garbage-first heap   total 409600K, used 124312K [0x00000000e0000000, 0x0000000100000000)
  region size 1024K, 20 young (20480K), 14 survivors (14336K)
 Metaspace       used 87502K, committed 90496K, reserved 344064K
  class space    used 10804K, committed 12288K, reserved 212992K
}
Event: 26804.888 GC heap after
{Heap after GC invocations=262 (full 0):
 garbage-first heap   total 409600K, used 109056K [0x00000000e0000000, 0x0000000100000000)
  region size 1024K, 2 young (2048K), 2 survivors (2048K)
 Metaspace       used 87502K, committed 90496K, reserved 344064K
  class space    used 10804K, committed 12288K, reserved 212992K
}
Event: 27051.345 GC heap before
{Heap before GC invocations=262 (full 0):
 garbage-first heap   total 409600K, used 228864K [0x00000000e0000000, 0x0000000100000000)
  region size 1024K, 121 young (123904K), 2 survivors (2048K)
 Metaspace       used 87612K, committed 90496K, reserved 344064K
  class space    used 10827K, committed 12288K, reserved 212992K
}
Event: 27051.409 GC heap after
{Heap after GC invocations=263 (full 0):
 garbage-first heap   total 409600K, used 128000K [0x00000000e0000000, 0x0000000100000000)
  region size 1024K, 18 young (18432K), 18 survivors (18432K)
 Metaspace       used 87612K, committed 90496K, reserved 344064K
  class space    used 10827K, committed 12288K, reserved 212992K
}
Event: 27052.851 GC heap before
{Heap before GC invocations=264 (full 0):
 garbage-first heap   total 409600K, used 183296K [0x00000000e0000000, 0x0000000100000000)
  region size 1024K, 91 young (93184K), 18 survivors (18432K)
 Metaspace       used 86585K, committed 90496K, reserved 344064K
  class space    used 10717K, committed 12288K, reserved 212992K
}
Event: 27052.909 GC heap after
{Heap after GC invocations=265 (full 0):
 garbage-first heap   total 409600K, used 124569K [0x00000000e0000000, 0x0000000100000000)
  region size 1024K, 12 young (12288K), 12 survivors (12288K)
 Metaspace       used 86585K, committed 90496K, reserved 344064K
  class space    used 10717K, committed 12288K, reserved 212992K
}
Event: 27053.055 GC heap before
{Heap before GC invocations=265 (full 0):
 garbage-first heap   total 409600K, used 131737K [0x00000000e0000000, 0x0000000100000000)
  region size 1024K, 20 young (20480K), 12 survivors (12288K)
 Metaspace       used 87040K, committed 90496K, reserved 344064K
  class space    used 10770K, committed 12288K, reserved 212992K
}
Event: 27053.091 GC heap after
{Heap after GC invocations=266 (full 0):
 garbage-first heap   total 409600K, used 118272K [0x00000000e0000000, 0x0000000100000000)
  region size 1024K, 2 young (2048K), 2 survivors (2048K)
 Metaspace       used 87040K, committed 90496K, reserved 344064K
  class space    used 10770K, committed 12288K, reserved 212992K
}
Event: 27053.400 GC heap before
{Heap before GC invocations=266 (full 0):
 garbage-first heap   total 409600K, used 158208K [0x00000000e0000000, 0x0000000100000000)
  region size 1024K, 43 young (44032K), 2 survivors (2048K)
 Metaspace       used 87604K, committed 90496K, reserved 344064K
  class space    used 10823K, committed 12288K, reserved 212992K
}
Event: 27053.414 GC heap after
{Heap after GC invocations=267 (full 0):
 garbage-first heap   total 409600K, used 127488K [0x00000000e0000000, 0x0000000100000000)
  region size 1024K, 11 young (11264K), 11 survivors (11264K)
 Metaspace       used 87604K, committed 90496K, reserved 344064K
  class space    used 10823K, committed 12288K, reserved 212992K
}
Event: 27827.117 GC heap before
{Heap before GC invocations=268 (full 0):
 garbage-first heap   total 409600K, used 286208K [0x00000000e0000000, 0x0000000100000000)
  region size 1024K, 172 young (176128K), 11 survivors (11264K)
 Metaspace       used 87766K, committed 90496K, reserved 344064K
  class space    used 10846K, committed 12288K, reserved 212992K
}
Event: 27827.265 GC heap after
{Heap after GC invocations=269 (full 0):
 garbage-first heap   total 409600K, used 126350K [0x00000000e0000000, 0x0000000100000000)
  region size 1024K, 15 young (15360K), 15 survivors (15360K)
 Metaspace       used 87766K, committed 90496K, reserved 344064K
  class space    used 10846K, committed 12288K, reserved 212992K
}
Event: 27827.319 GC heap before
{Heap before GC invocations=269 (full 0):
 garbage-first heap   total 409600K, used 131470K [0x00000000e0000000, 0x0000000100000000)
  region size 1024K, 20 young (20480K), 15 survivors (15360K)
 Metaspace       used 87766K, committed 90496K, reserved 344064K
  class space    used 10846K, committed 12288K, reserved 212992K
}
Event: 27827.565 GC heap after
{Heap after GC invocations=270 (full 0):
 garbage-first heap   total 409600K, used 109100K [0x00000000e0000000, 0x0000000100000000)
  region size 1024K, 2 young (2048K), 2 survivors (2048K)
 Metaspace       used 87766K, committed 90496K, reserved 344064K
  class space    used 10846K, committed 12288K, reserved 212992K
}
Event: 27880.005 GC heap before
{Heap before GC invocations=270 (full 0):
 garbage-first heap   total 409600K, used 271916K [0x00000000e0000000, 0x0000000100000000)
  region size 1024K, 162 young (165888K), 2 survivors (2048K)
 Metaspace       used 87784K, committed 90496K, reserved 344064K
  class space    used 10849K, committed 12288K, reserved 212992K
}

